<?xml version="1.0" encoding="UTF-8"?>
<!-- Generated by org.testng.reporters.JUnitXMLReporter -->
<testsuite ignored="2" hostname="LAPTOP-HN7S0RTT" failures="0" tests="2" name="Test" time="11.448" errors="0" timestamp="2022-01-11T23:16:10 IST">
  <testcase classname="com.learnautomation.pages.BaseClass" name="@BeforeClass setup" time="0.005">
    <failure type="java.lang.NullPointerException" message="Cannot invoke &amp;quot;com.learnautomation.utility.ConfigDataProvider.getBrowser()&amp;quot; because &amp;quot;this.config&amp;quot; is null">
      <![CDATA[java.lang.NullPointerException: Cannot invoke "com.learnautomation.utility.ConfigDataProvider.getBrowser()" because "this.config" is null
at com.learnautomation.pages.BaseClass.setup(BaseClass.java:31)
at java.base/java.util.ArrayList.forEach(ArrayList.java:1511)
... Removed 25 stack frames]]>
    </failure>
  </testcase> <!-- @BeforeClass setup -->
  <testcase classname="com.learnautomation.pages.BaseClass" name="@AfterMethod tearDownMethod" time="-1.641923170165E9">
    <skipped/>
  </testcase> <!-- @AfterMethod tearDownMethod -->
  <testcase classname="com.learnautomation.testcases.LoginTest" name="loginApp" time="9.167"/>
  <testcase classname="com.learnautomation.testcases.VerifyPasswordErrorMessage" name="verifyPasswordErrorMessage" time="0.0">
    <skipped/>
  </testcase> <!-- verifyPasswordErrorMessage -->
  <testcase classname="com.learnautomation.pages.BaseClass" name="@BeforeSuite setupSuite" time="0.0">
    <ignored/>
  </testcase> <!-- @BeforeSuite setupSuite -->
  <testcase classname="com.learnautomation.pages.BaseClass" name="@AfterTest tearDown" time="0.0">
    <ignored/>
  </testcase> <!-- @AfterTest tearDown -->
</testsuite> <!-- Test -->
